18:26:39 **** Incremental Build of configuration Debug for project programasC ****
Info: Internal Builder is used for build
gcc -O0 -g3 -Wall -c -fmessage-length=0 -o "src\\main.o" "..\\src\\main.c" 
..\src\main.c: In function 'main':
..\src\main.c:10:21: error: invalid use of void expression
   10 |  printf("\n%.3f\n", calcularSerieRecursividade(numero));
      |                     ^~~~~~~~~~~~~~~~~~~~~~~~~~~~~~~~~~
18:27:48 **** Incremental Build of configuration Debug for project programasC ****
Info: Internal Builder is used for build
gcc -O0 -g3 -Wall -c -fmessage-length=0 -o "src\\main.o" "..\\src\\main.c" 
..\src\main.c: In function 'main':
..\src\main.c:7:6: warning: unused variable 'numero' [-Wunused-variable]
    7 |  int numero = 5;
      |      ^~~~~~
gcc -O0 -g3 -Wall -c -fmessage-length=0 -o "src\\funcoes.o" "..\\src\\funcoes.c" 
..\src\funcoes.c: In function 'calcularSerieIterativo':
..\src\funcoes.c:9:14: warning: implicit declaration of function 'pow' [-Wimplicit-function-declaration]
    9 |      soma += pow(i, 3) / pow(10, i - 1);
      |              ^~~
..\src\funcoes.c:9:14: warning: incompatible implicit declaration of built-in function 'pow'
..\src\funcoes.c:1:1: note: include '<math.h>' or provide a declaration of 'pow'
  +++ |+#include <math.h>
    1 | //QUESTÃO 3
..\src\funcoes.c:10:6: warning: implicit declaration of function 'printf' [-Wimplicit-function-declaration]
   10 |      printf("%d° - %2.lf/%2.lf\n",i,pow(i,3),pow(10,i-1));
      |      ^~~~~~
..\src\funcoes.c:10:6: warning: incompatible implicit declaration of built-in function 'printf'
..\src\funcoes.c:1:1: note: include '<stdio.h>' or provide a declaration of 'printf'
  +++ |+#include <stdio.h>
    1 | //QUESTÃO 3
..\src\funcoes.c:12:5: warning: incompatible implicit declaration of built-in function 'printf'
   12 |     printf("O resultado da série com %d termos é: %f\n", numero, soma);
      |     ^~~~~~
..\src\funcoes.c:12:5: note: include '<stdio.h>' or provide a declaration of 'printf'
..\src\funcoes.c: In function 'calcularSerieRecursividade':
..\src\funcoes.c:17:10: warning: incompatible implicit declaration of built-in function 'pow'
   17 |   return pow(numero, 3) / pow(10, numero-1) + calcularSerieRecursividade(numero-1);
      |          ^~~
..\src\funcoes.c:17:10: note: include '<math.h>' or provide a declaration of 'pow'
gcc -o programasC.exe "src\\funcoes.o" "src\\main.o" 
Info: Nothing to build for programasC
Info: Nothing to build for programasC
18:28:56 **** Incremental Build of configuration Debug for project programasC ****
Info: Internal Builder is used for build
gcc -O0 -g3 -Wall -c -fmessage-length=0 -o "src\\main.o" "..\\src\\main.c" 
..\src\main.c: In function 'main':
..\src\main.c:8:19: error: invalid use of void expression
    8 |  printf("\n%d\n", calcularSerieIterativo(5));
      |                   ^~~~~~~~~~~~~~~~~~~~~~~~~
18:30:08 **** Incremental Build of configuration Debug for project programasC ****
Info: Internal Builder is used for build
gcc -O0 -g3 -Wall -c -fmessage-length=0 -o "src\\main.o" "..\\src\\main.c" 
gcc -O0 -g3 -Wall -c -fmessage-length=0 -o "src\\funcoes.o" "..\\src\\funcoes.c" 
..\src\funcoes.c: In function 'calcularSerieIterativo':
..\src\funcoes.c:9:14: warning: implicit declaration of function 'pow' [-Wimplicit-function-declaration]
    9 |      soma += pow(i, 3) / pow(10, i - 1);
      |              ^~~
..\src\funcoes.c:9:14: warning: incompatible implicit declaration of built-in function 'pow'
..\src\funcoes.c:1:1: note: include '<math.h>' or provide a declaration of 'pow'
  +++ |+#include <math.h>
    1 | //QUESTÃO 3
..\src\funcoes.c: In function 'calcularSerieRecursividade':
..\src\funcoes.c:16:10: warning: incompatible implicit declaration of built-in function 'pow'
   16 |   return pow(numero, 3) / pow(10, numero-1) + calcularSerieRecursividade(numero-1);
      |          ^~~
..\src\funcoes.c:16:10: note: include '<math.h>' or provide a declaration of 'pow'
gcc -o programasC.exe "src\\funcoes.o" "src\\main.o" 
Info: Nothing to build for programasC
18:33:37 **** Incremental Build of configuration Debug for project programasC ****
Info: Internal Builder is used for build
gcc -O0 -g3 -Wall -c -fmessage-length=0 -o "src\\funcoes.o" "..\\src\\funcoes.c" 
..\src\funcoes.c: In function 'calcularSerieIterativo':
..\src\funcoes.c:9:14: warning: implicit declaration of function 'pow' [-Wimplicit-function-declaration]
    9 |      soma += pow(i, 3) / pow(10, i - 1);
      |              ^~~
..\src\funcoes.c:9:14: warning: incompatible implicit declaration of built-in function 'pow'
..\src\funcoes.c:1:1: note: include '<math.h>' or provide a declaration of 'pow'
  +++ |+#include <math.h>
    1 | //QUESTÃO 3
..\src\funcoes.c: In function 'calcularSerieRecursividade':
..\src\funcoes.c:16:10: warning: incompatible implicit declaration of built-in function 'pow'
   16 |   return pow(numero, 3) / pow(10, numero-1) + calcularSerieRecursividade(numero-1);
      |          ^~~
..\src\funcoes.c:16:10: note: include '<math.h>' or provide a declaration of 'pow'
..\src\funcoes.c: In function 'calcularSerieRecursividadeDeCauda':
..\src\funcoes.c:24:10: warning: incompatible implicit declaration of built-in function 'pow'
   24 |   return pow(numero, 3) / pow(10, numero-1) + calcularSerieRecursividade(numero-1);
      |          ^~~
..\src\funcoes.c:24:10: note: include '<math.h>' or provide a declaration of 'pow'
..\src\funcoes.c:27:1: warning: control reaches end of non-void function [-Wreturn-type]
   27 | }
      | ^
gcc -o programasC.exe "src\\funcoes.o" "src\\main.o" 
18:33:47 **** Incremental Build of configuration Debug for project programasC ****
Info: Internal Builder is used for build
gcc -O0 -g3 -Wall -c -fmessage-length=0 -o "src\\funcoes.o" "..\\src\\funcoes.c" 
..\src\funcoes.c: In function 'calcularSerieIterativo':
..\src\funcoes.c:9:14: warning: implicit declaration of function 'pow' [-Wimplicit-function-declaration]
    9 |      soma += pow(i, 3) / pow(10, i - 1);
      |              ^~~
..\src\funcoes.c:9:14: warning: incompatible implicit declaration of built-in function 'pow'
..\src\funcoes.c:1:1: note: include '<math.h>' or provide a declaration of 'pow'
  +++ |+#include <math.h>
    1 | //QUESTÃO 3
..\src\funcoes.c: In function 'calcularSerieRecursividade':
..\src\funcoes.c:16:10: warning: incompatible implicit declaration of built-in function 'pow'
   16 |   return pow(numero, 3) / pow(10, numero-1) + calcularSerieRecursividade(numero-1);
      |          ^~~
..\src\funcoes.c:16:10: note: include '<math.h>' or provide a declaration of 'pow'
..\src\funcoes.c: In function 'calcularSerieRecursividadeDeCauda':
..\src\funcoes.c:24:10: warning: incompatible implicit declaration of built-in function 'pow'
   24 |   return pow(numero, 3) / pow(10, numero-1);
      |          ^~~
..\src\funcoes.c:24:10: note: include '<math.h>' or provide a declaration of 'pow'
..\src\funcoes.c:27:1: warning: control reaches end of non-void function [-Wreturn-type]
   27 | }
      | ^
gcc -o programasC.exe "src\\funcoes.o" "src\\main.o" 
18:35:02 **** Incremental Build of configuration Debug for project programasC ****
Info: Internal Builder is used for build
gcc -O0 -g3 -Wall -c -fmessage-length=0 -o "src\\main.o" "..\\src\\main.c" 
gcc -o programasC.exe "src\\funcoes.o" "src\\main.o" 
Info: Nothing to build for programasC
18:36:35 **** Incremental Build of configuration Debug for project programasC ****
Info: Internal Builder is used for build
gcc -O0 -g3 -Wall -c -fmessage-length=0 -o "src\\main.o" "..\\src\\main.c" 
gcc -o programasC.exe "src\\funcoes.o" "src\\main.o" 
Info: Nothing to build for programasC
18:37:18 **** Incremental Build of configuration Debug for project programasC ****
Info: Internal Builder is used for build
gcc -O0 -g3 -Wall -c -fmessage-length=0 -o "src\\funcoes.o" "..\\src\\funcoes.c" 
..\src\funcoes.c: In function 'calcularSerieIterativo':
..\src\funcoes.c:9:14: warning: implicit declaration of function 'pow' [-Wimplicit-function-declaration]
    9 |      soma += pow(i, 3) / pow(10, i - 1);
      |              ^~~
..\src\funcoes.c:9:14: warning: incompatible implicit declaration of built-in function 'pow'
..\src\funcoes.c:1:1: note: include '<math.h>' or provide a declaration of 'pow'
  +++ |+#include <math.h>
    1 | //QUESTÃO 3
..\src\funcoes.c: In function 'calcularSerieRecursividade':
..\src\funcoes.c:16:10: warning: incompatible implicit declaration of built-in function 'pow'
   16 |   return pow(numero, 3) / pow(10, numero-1) + calcularSerieRecursividade(numero-1);
      |          ^~~
..\src\funcoes.c:16:10: note: include '<math.h>' or provide a declaration of 'pow'
..\src\funcoes.c: In function 'calcularSerieRecursividadeDeCauda':
..\src\funcoes.c:24:10: warning: incompatible implicit declaration of built-in function 'pow'
   24 |   return pow(numero, 3) / pow(10, numero-1);
      |          ^~~
..\src\funcoes.c:24:10: note: include '<math.h>' or provide a declaration of 'pow'
..\src\funcoes.c:27:1: warning: control reaches end of non-void function [-Wreturn-type]
   27 | }
      | ^
gcc -o programasC.exe "src\\funcoes.o" "src\\main.o" 
c:/mingw/bin/../lib/gcc/mingw32/9.2.0/../../../../mingw32/bin/ld.exe: cannot open output file programasC.exe: Permission denied
collect2.exe: error: ld returned 1 exit status
18:37:29 **** Clean-only build of configuration Debug for project programasC ****
rm -rf src/funcoes.o src/main.d src/main.o programasC.exe src/funcoes.d 
Cannot run program "rm": Launching failed

Error: Program "rm" not found in PATH
PATH=[C:\MinGW\bin;\bin;\usr\bin;C:/Users/Bless/.p2/pool/plugins/org.eclipse.justj.openjdk.hotspot.jre.full.win32.x86_64_17.0.10.v20240120-1143/jre/bin/server;C:/Users/Bless/.p2/pool/plugins/org.eclipse.justj.openjdk.hotspot.jre.full.win32.x86_64_17.0.10.v20240120-1143/jre/bin;C:\Program Files\Common Files\Oracle\Java\javapath;C:\WINDOWS\system32;C:\WINDOWS;C:\WINDOWS\System32\Wbem;C:\WINDOWS\System32\WindowsPowerShell\v1.0\;C:\WINDOWS\System32\OpenSSH\;C:\Program Files\dotnet\;C:\Program Files\Git\cmd;C:\Users\Bless\anaconda3;C:\Users\Bless\anaconda3\Library\mingw-w64\bin;C:\Users\Bless\anaconda3\Library\usr\bin;C:\Users\Bless\anaconda3\Library\bin;C:\Users\Bless\anaconda3\Scripts;C:\Users\Bless\AppData\Local\Microsoft\WindowsApps;C:\Users\Bless\AppData\Local\Programs\Microsoft VS Code\bin;C:\Users\Bless\AppData\Local\GitHubDesktop\bin;C:\WINDOWS\System32]

18:37:29 **** Clean-only build of configuration Debug for project programasC ****
18:37:29 **** Rebuild of configuration Debug for project programasC ****
Info: Internal Builder is used for build
gcc -O0 -g3 -Wall -c -fmessage-length=0 -o "src\\funcoes.o" "..\\src\\funcoes.c" 
..\src\funcoes.c: In function 'calcularSerieIterativo':
..\src\funcoes.c:9:14: warning: implicit declaration of function 'pow' [-Wimplicit-function-declaration]
    9 |      soma += pow(i, 3) / pow(10, i - 1);
      |              ^~~
..\src\funcoes.c:9:14: warning: incompatible implicit declaration of built-in function 'pow'
..\src\funcoes.c:1:1: note: include '<math.h>' or provide a declaration of 'pow'
  +++ |+#include <math.h>
    1 | //QUESTÃO 3
..\src\funcoes.c: In function 'calcularSerieRecursividade':
..\src\funcoes.c:16:10: warning: incompatible implicit declaration of built-in function 'pow'
   16 |   return pow(numero, 3) / pow(10, numero-1) + calcularSerieRecursividade(numero-1);
      |          ^~~
..\src\funcoes.c:16:10: note: include '<math.h>' or provide a declaration of 'pow'
..\src\funcoes.c: In function 'calcularSerieRecursividadeDeCauda':
..\src\funcoes.c:24:10: warning: incompatible implicit declaration of built-in function 'pow'
   24 |   return pow(numero, 3) / pow(10, numero-1);
      |          ^~~
..\src\funcoes.c:24:10: note: include '<math.h>' or provide a declaration of 'pow'
..\src\funcoes.c:27:1: warning: control reaches end of non-void function [-Wreturn-type]
   27 | }
      | ^
gcc -O0 -g3 -Wall -c -fmessage-length=0 -o "src\\main.o" "..\\src\\main.c" 
gcc -o programasC.exe "src\\funcoes.o" "src\\main.o" 
Info: Nothing to build for programasC
Info: Nothing to build for programasC
18:37:41 **** Incremental Build of configuration Debug for project programasC ****
Info: Internal Builder is used for build
gcc -O0 -g3 -Wall -c -fmessage-length=0 -o "src\\funcoes.o" "..\\src\\funcoes.c" 
..\src\funcoes.c: In function 'calcularSerieIterativo':
..\src\funcoes.c:9:14: warning: implicit declaration of function 'pow' [-Wimplicit-function-declaration]
    9 |      soma += pow(i, 3) / pow(10, i - 1);
      |              ^~~
..\src\funcoes.c:9:14: warning: incompatible implicit declaration of built-in function 'pow'
..\src\funcoes.c:1:1: note: include '<math.h>' or provide a declaration of 'pow'
  +++ |+#include <math.h>
    1 | //QUESTÃO 3
..\src\funcoes.c: In function 'calcularSerieRecursividade':
..\src\funcoes.c:16:10: warning: incompatible implicit declaration of built-in function 'pow'
   16 |   return pow(numero, 3) / pow(10, numero-1) + calcularSerieRecursividade(numero-1);
      |          ^~~
..\src\funcoes.c:16:10: note: include '<math.h>' or provide a declaration of 'pow'
..\src\funcoes.c: In function 'calcularSerieRecursividadeDeCauda':
..\src\funcoes.c:24:10: warning: incompatible implicit declaration of built-in function 'pow'
   24 |   return pow(numero, 3) / pow(10, numero-1);
      |          ^~~
..\src\funcoes.c:24:10: note: include '<math.h>' or provide a declaration of 'pow'
..\src\funcoes.c:27:1: warning: control reaches end of non-void function [-Wreturn-type]
   27 | }
      | ^
gcc -o programasC.exe "src\\funcoes.o" "src\\main.o" 
Info: Nothing to build for programasC
18:37:56 **** Incremental Build of configuration Debug for project programasC ****
Info: Internal Builder is used for build
gcc -O0 -g3 -Wall -c -fmessage-length=0 -o "src\\funcoes.o" "..\\src\\funcoes.c" 
..\src\funcoes.c: In function 'calcularSerieIterativo':
..\src\funcoes.c:9:14: warning: implicit declaration of function 'pow' [-Wimplicit-function-declaration]
    9 |      soma += pow(i, 3) / pow(10, i - 1);
      |              ^~~
..\src\funcoes.c:9:14: warning: incompatible implicit declaration of built-in function 'pow'
..\src\funcoes.c:1:1: note: include '<math.h>' or provide a declaration of 'pow'
  +++ |+#include <math.h>
    1 | //QUESTÃO 3
..\src\funcoes.c: In function 'calcularSerieRecursividade':
..\src\funcoes.c:16:10: warning: incompatible implicit declaration of built-in function 'pow'
   16 |   return pow(numero, 3) / pow(10, numero-1) + calcularSerieRecursividade(numero-1);
      |          ^~~
..\src\funcoes.c:16:10: note: include '<math.h>' or provide a declaration of 'pow'
..\src\funcoes.c: In function 'calcularSerieRecursividadeDeCauda':
..\src\funcoes.c:24:10: warning: incompatible implicit declaration of built-in function 'pow'
   24 |   return pow(numero, 3) / pow(10, numero-1);
      |          ^~~
..\src\funcoes.c:24:10: note: include '<math.h>' or provide a declaration of 'pow'
gcc -o programasC.exe "src\\funcoes.o" "src\\main.o" 
Info: Nothing to build for programasC
Info: Nothing to build for programasC
Info: Nothing to build for programasC
18:41:52 **** Incremental Build of configuration Debug for project programasC ****
Info: Internal Builder is used for build
gcc -O0 -g3 -Wall -c -fmessage-length=0 -o "src\\funcoes.o" "..\\src\\funcoes.c" 
..\src\funcoes.c: In function 'calcularSerieIterativo':
..\src\funcoes.c:9:14: warning: implicit declaration of function 'pow' [-Wimplicit-function-declaration]
    9 |      soma += pow(i, 3) / pow(10, i - 1);
      |              ^~~
..\src\funcoes.c:9:14: warning: incompatible implicit declaration of built-in function 'pow'
..\src\funcoes.c:1:1: note: include '<math.h>' or provide a declaration of 'pow'
  +++ |+#include <math.h>
    1 | //QUESTÃO 3
..\src\funcoes.c: In function 'calcularSerieRecursividade':
..\src\funcoes.c:16:10: warning: incompatible implicit declaration of built-in function 'pow'
   16 |   return pow(numero, 3) / pow(10, numero-1) + calcularSerieRecursividade(numero-1);
      |          ^~~
..\src\funcoes.c:16:10: note: include '<math.h>' or provide a declaration of 'pow'
..\src\funcoes.c: At top level:
..\src\funcoes.c:22:53: error: expected declaration specifiers or '...' before ')' token
   22 | float calcularSerieRecursividadeDeCauda(int numero, ){
      |                                                     ^
18:41:53 **** Incremental Build of configuration Debug for project programasC ****
Info: Internal Builder is used for build
gcc -O0 -g3 -Wall -c -fmessage-length=0 -o "src\\funcoes.o" "..\\src\\funcoes.c" 
..\src\funcoes.c: In function 'calcularSerieIterativo':
..\src\funcoes.c:9:14: warning: implicit declaration of function 'pow' [-Wimplicit-function-declaration]
    9 |      soma += pow(i, 3) / pow(10, i - 1);
      |              ^~~
..\src\funcoes.c:9:14: warning: incompatible implicit declaration of built-in function 'pow'
..\src\funcoes.c:1:1: note: include '<math.h>' or provide a declaration of 'pow'
  +++ |+#include <math.h>
    1 | //QUESTÃO 3
..\src\funcoes.c: In function 'calcularSerieRecursividade':
..\src\funcoes.c:16:10: warning: incompatible implicit declaration of built-in function 'pow'
   16 |   return pow(numero, 3) / pow(10, numero-1) + calcularSerieRecursividade(numero-1);
      |          ^~~
..\src\funcoes.c:16:10: note: include '<math.h>' or provide a declaration of 'pow'
..\src\funcoes.c: At top level:
..\src\funcoes.c:22:53: error: expected declaration specifiers or '...' before ')' token
   22 | float calcularSerieRecursividadeDeCauda(int numero, ){
      |                                                     ^
18:42:02 **** Incremental Build of configuration Debug for project programasC ****
Info: Internal Builder is used for build
gcc -O0 -g3 -Wall -c -fmessage-length=0 -o "src\\funcoes.o" "..\\src\\funcoes.c" 
..\src\funcoes.c: In function 'calcularSerieIterativo':
..\src\funcoes.c:9:14: warning: implicit declaration of function 'pow' [-Wimplicit-function-declaration]
    9 |      soma += pow(i, 3) / pow(10, i - 1);
      |              ^~~
..\src\funcoes.c:9:14: warning: incompatible implicit declaration of built-in function 'pow'
..\src\funcoes.c:1:1: note: include '<math.h>' or provide a declaration of 'pow'
  +++ |+#include <math.h>
    1 | //QUESTÃO 3
..\src\funcoes.c: In function 'calcularSerieRecursividade':
..\src\funcoes.c:16:10: warning: incompatible implicit declaration of built-in function 'pow'
   16 |   return pow(numero, 3) / pow(10, numero-1) + calcularSerieRecursividade(numero-1);
      |          ^~~
..\src\funcoes.c:16:10: note: include '<math.h>' or provide a declaration of 'pow'
..\src\funcoes.c: At top level:
..\src\funcoes.c:22:53: error: expected declaration specifiers or '...' before ')' token
   22 | float calcularSerieRecursividadeDeCauda(int numero, ){
      |                                                     ^
18:42:04 **** Incremental Build of configuration Debug for project programasC ****
Info: Internal Builder is used for build
gcc -O0 -g3 -Wall -c -fmessage-length=0 -o "src\\funcoes.o" "..\\src\\funcoes.c" 
..\src\funcoes.c: In function 'calcularSerieIterativo':
..\src\funcoes.c:9:14: warning: implicit declaration of function 'pow' [-Wimplicit-function-declaration]
    9 |      soma += pow(i, 3) / pow(10, i - 1);
      |              ^~~
..\src\funcoes.c:9:14: warning: incompatible implicit declaration of built-in function 'pow'
..\src\funcoes.c:1:1: note: include '<math.h>' or provide a declaration of 'pow'
  +++ |+#include <math.h>
    1 | //QUESTÃO 3
..\src\funcoes.c: In function 'calcularSerieRecursividade':
..\src\funcoes.c:16:10: warning: incompatible implicit declaration of built-in function 'pow'
   16 |   return pow(numero, 3) / pow(10, numero-1) + calcularSerieRecursividade(numero-1);
      |          ^~~
..\src\funcoes.c:16:10: note: include '<math.h>' or provide a declaration of 'pow'
..\src\funcoes.c: At top level:
..\src\funcoes.c:22:53: error: expected declaration specifiers or '...' before ')' token
   22 | float calcularSerieRecursividadeDeCauda(int numero, ){
      |                                                     ^
18:42:16 **** Incremental Build of configuration Debug for project programasC ****
Info: Internal Builder is used for build
gcc -O0 -g3 -Wall -c -fmessage-length=0 -o "src\\funcoes.o" "..\\src\\funcoes.c" 
..\src\funcoes.c: In function 'calcularSerieIterativo':
..\src\funcoes.c:9:14: warning: implicit declaration of function 'pow' [-Wimplicit-function-declaration]
    9 |      soma += pow(i, 3) / pow(10, i - 1);
      |              ^~~
..\src\funcoes.c:9:14: warning: incompatible implicit declaration of built-in function 'pow'
..\src\funcoes.c:1:1: note: include '<math.h>' or provide a declaration of 'pow'
  +++ |+#include <math.h>
    1 | //QUESTÃO 3
..\src\funcoes.c: In function 'calcularSerieRecursividade':
..\src\funcoes.c:16:10: warning: incompatible implicit declaration of built-in function 'pow'
   16 |   return pow(numero, 3) / pow(10, numero-1) + calcularSerieRecursividade(numero-1);
      |          ^~~
..\src\funcoes.c:16:10: note: include '<math.h>' or provide a declaration of 'pow'
..\src\funcoes.c: In function 'calcularSerieRecursividadeDeCauda':
..\src\funcoes.c:24:10: warning: incompatible implicit declaration of built-in function 'pow'
   24 |   return pow(numero, 3) / pow(10, numero-1);
      |          ^~~
..\src\funcoes.c:24:10: note: include '<math.h>' or provide a declaration of 'pow'
gcc -o programasC.exe "src\\funcoes.o" "src\\main.o" 
18:42:45 **** Incremental Build of configuration Debug for project programasC ****
Info: Internal Builder is used for build
gcc -O0 -g3 -Wall -c -fmessage-length=0 -o "src\\funcoes.o" "..\\src\\funcoes.c" 
..\src\funcoes.c: In function 'calcularSerieIterativo':
..\src\funcoes.c:9:14: warning: implicit declaration of function 'pow' [-Wimplicit-function-declaration]
    9 |      soma += pow(i, 3) / pow(10, i - 1);
      |              ^~~
..\src\funcoes.c:9:14: warning: incompatible implicit declaration of built-in function 'pow'
..\src\funcoes.c:1:1: note: include '<math.h>' or provide a declaration of 'pow'
  +++ |+#include <math.h>
    1 | //QUESTÃO 3
..\src\funcoes.c: In function 'calcularSerieRecursividade':
..\src\funcoes.c:16:10: warning: incompatible implicit declaration of built-in function 'pow'
   16 |   return pow(numero, 3) / pow(10, numero-1) + calcularSerieRecursividade(numero-1);
      |          ^~~
..\src\funcoes.c:16:10: note: include '<math.h>' or provide a declaration of 'pow'
..\src\funcoes.c: In function 'calcularSerieRecursividadeDeCauda':
..\src\funcoes.c:24:10: warning: incompatible implicit declaration of built-in function 'pow'
   24 |   return pow(numero, 3) / pow(10, numero-1);
      |          ^~~
..\src\funcoes.c:24:10: note: include '<math.h>' or provide a declaration of 'pow'
gcc -o programasC.exe "src\\funcoes.o" "src\\main.o" 
Info: Nothing to build for programasC
Info: Nothing to build for programasC
18:45:06 **** Incremental Build of configuration Debug for project programasC ****
Info: Internal Builder is used for build
gcc -O0 -g3 -Wall -c -fmessage-length=0 -o "src\\main.o" "..\\src\\main.c" 
gcc -O0 -g3 -Wall -c -fmessage-length=0 -o "src\\funcoes.o" "..\\src\\funcoes.c" 
..\src\funcoes.c: In function 'calcularSerieIterativo':
..\src\funcoes.c:9:14: warning: implicit declaration of function 'pow' [-Wimplicit-function-declaration]
    9 |      soma += pow(i, 3) / pow(10, i - 1);
      |              ^~~
..\src\funcoes.c:9:14: warning: incompatible implicit declaration of built-in function 'pow'
..\src\funcoes.c:1:1: note: include '<math.h>' or provide a declaration of 'pow'
  +++ |+#include <math.h>
    1 | //QUESTÃO 3
..\src\funcoes.c: In function 'calcularSerieRecursividade':
..\src\funcoes.c:16:10: warning: incompatible implicit declaration of built-in function 'pow'
   16 |   return pow(numero, 3) / pow(10, numero-1) + calcularSerieRecursividade(numero-1);
      |          ^~~
..\src\funcoes.c:16:10: note: include '<math.h>' or provide a declaration of 'pow'
..\src\funcoes.c: In function 'calcularSerieRecursividadeDeCauda':
..\src\funcoes.c:24:10: warning: incompatible implicit declaration of built-in function 'pow'
   24 |   return pow(numero, 3) / pow(10, numero-1);
      |          ^~~
..\src\funcoes.c:24:10: note: include '<math.h>' or provide a declaration of 'pow'
..\src\funcoes.c:26:9: error: too few arguments to function 'calcularSerieRecursividadeDeCauda'
   26 |  return calcularSerieRecursividadeDeCauda(numero-1);
      |         ^~~~~~~~~~~~~~~~~~~~~~~~~~~~~~~~~
..\src\funcoes.c:22:7: note: declared here
   22 | float calcularSerieRecursividadeDeCauda(int numero, int controlador){
      |       ^~~~~~~~~~~~~~~~~~~~~~~~~~~~~~~~~
..\src\funcoes.c:27:1: warning: control reaches end of non-void function [-Wreturn-type]
   27 | }
      | ^
18:46:00 **** Incremental Build of configuration Debug for project programasC ****
Info: Internal Builder is used for build
gcc -O0 -g3 -Wall -c -fmessage-length=0 -o "src\\funcoes.o" "..\\src\\funcoes.c" 
..\src\funcoes.c: In function 'calcularSerieIterativo':
..\src\funcoes.c:9:14: warning: implicit declaration of function 'pow' [-Wimplicit-function-declaration]
    9 |      soma += pow(i, 3) / pow(10, i - 1);
      |              ^~~
..\src\funcoes.c:9:14: warning: incompatible implicit declaration of built-in function 'pow'
..\src\funcoes.c:1:1: note: include '<math.h>' or provide a declaration of 'pow'
  +++ |+#include <math.h>
    1 | //QUESTÃO 3
..\src\funcoes.c: In function 'calcularSerieRecursividade':
..\src\funcoes.c:16:10: warning: incompatible implicit declaration of built-in function 'pow'
   16 |   return pow(numero, 3) / pow(10, numero-1) + calcularSerieRecursividade(numero-1);
      |          ^~~
..\src\funcoes.c:16:10: note: include '<math.h>' or provide a declaration of 'pow'
..\src\funcoes.c: In function 'calcularSerieRecursividadeDeCauda':
..\src\funcoes.c:26:69: warning: incompatible implicit declaration of built-in function 'pow'
   26 |  return calcularSerieRecursividadeDeCauda(numero - 1, controlador + pow(numero, 3) / pow(10, numero - 1));
      |                                                                     ^~~
..\src\funcoes.c:26:69: note: include '<math.h>' or provide a declaration of 'pow'
gcc -o programasC.exe "src\\funcoes.o" "src\\main.o" 
c:/mingw/bin/../lib/gcc/mingw32/9.2.0/../../../../mingw32/bin/ld.exe: cannot open output file programasC.exe: Permission denied
collect2.exe: error: ld returned 1 exit status
18:46:10 **** Incremental Build of configuration Debug for project programasC ****
Info: Internal Builder is used for build
gcc -o programasC.exe "src\\funcoes.o" "src\\main.o" 
18:46:34 **** Incremental Build of configuration Debug for project programasC ****
Info: Internal Builder is used for build
gcc -O0 -g3 -Wall -c -fmessage-length=0 -o "src\\funcoes.o" "..\\src\\funcoes.c" 
..\src\funcoes.c: In function 'calcularSerieIterativo':
..\src\funcoes.c:9:14: warning: implicit declaration of function 'pow' [-Wimplicit-function-declaration]
    9 |      soma += pow(i, 3) / pow(10, i - 1);
      |              ^~~
..\src\funcoes.c:9:14: warning: incompatible implicit declaration of built-in function 'pow'
..\src\funcoes.c:1:1: note: include '<math.h>' or provide a declaration of 'pow'
  +++ |+#include <math.h>
    1 | //QUESTÃO 3
..\src\funcoes.c: In function 'calcularSerieRecursividade':
..\src\funcoes.c:16:10: warning: incompatible implicit declaration of built-in function 'pow'
   16 |   return pow(numero, 3) / pow(10, numero-1) + calcularSerieRecursividade(numero-1);
      |          ^~~
..\src\funcoes.c:16:10: note: include '<math.h>' or provide a declaration of 'pow'
..\src\funcoes.c: In function 'calcularSerieRecursividadeDeCauda':
..\src\funcoes.c:26:69: warning: incompatible implicit declaration of built-in function 'pow'
   26 |  return calcularSerieRecursividadeDeCauda(numero - 1, controlador + pow(numero, 3) / pow(10, numero - 1));
      |                                                                     ^~~
..\src\funcoes.c:26:69: note: include '<math.h>' or provide a declaration of 'pow'
gcc -o programasC.exe "src\\funcoes.o" "src\\main.o" 
Info: Nothing to build for programasC
18:47:56 **** Incremental Build of configuration Debug for project programasC ****
Info: Internal Builder is used for build
gcc -O0 -g3 -Wall -c -fmessage-length=0 -o "src\\funcoes.o" "..\\src\\funcoes.c" 
..\src\funcoes.c: In function 'calcularSerieIterativo':
..\src\funcoes.c:9:14: warning: implicit declaration of function 'pow' [-Wimplicit-function-declaration]
    9 |      soma += pow(i, 3) / pow(10, i - 1);
      |              ^~~
..\src\funcoes.c:9:14: warning: incompatible implicit declaration of built-in function 'pow'
..\src\funcoes.c:1:1: note: include '<math.h>' or provide a declaration of 'pow'
  +++ |+#include <math.h>
    1 | //QUESTÃO 3
..\src\funcoes.c: In function 'calcularSerieRecursividade':
..\src\funcoes.c:16:10: warning: incompatible implicit declaration of built-in function 'pow'
   16 |   return pow(numero, 3) / pow(10, numero-1) + calcularSerieRecursividade(numero-1);
      |          ^~~
..\src\funcoes.c:16:10: note: include '<math.h>' or provide a declaration of 'pow'
..\src\funcoes.c: In function 'calcularSerieRecursividadeDeCauda':
..\src\funcoes.c:26:69: warning: incompatible implicit declaration of built-in function 'pow'
   26 |  return calcularSerieRecursividadeDeCauda(numero - 1, controlador + pow(numero, 3) / pow(10, numero - 1));
      |                                                                     ^~~
..\src\funcoes.c:26:69: note: include '<math.h>' or provide a declaration of 'pow'
gcc -o programasC.exe "src\\funcoes.o" "src\\main.o" 
Info: Nothing to build for programasC
18:50:09 **** Incremental Build of configuration Debug for project programasC ****
Info: Internal Builder is used for build
gcc -O0 -g3 -Wall -c -fmessage-length=0 -o "src\\funcoes.o" "..\\src\\funcoes.c" 
..\src\funcoes.c: In function 'calcularSerieIterativo':
..\src\funcoes.c:9:14: warning: implicit declaration of function 'pow' [-Wimplicit-function-declaration]
    9 |      soma += pow(i, 3) / pow(10, i - 1);
      |              ^~~
..\src\funcoes.c:9:14: warning: incompatible implicit declaration of built-in function 'pow'
..\src\funcoes.c:1:1: note: include '<math.h>' or provide a declaration of 'pow'
  +++ |+#include <math.h>
    1 | //QUESTÃO 3
..\src\funcoes.c: In function 'calcularSerieRecursividade':
..\src\funcoes.c:16:10: warning: incompatible implicit declaration of built-in function 'pow'
   16 |   return pow(numero, 3) / pow(10, numero-1) + calcularSerieRecursividade(numero-1);
      |          ^~~
..\src\funcoes.c:16:10: note: include '<math.h>' or provide a declaration of 'pow'
..\src\funcoes.c: In function 'calcularSerieRecursividadeDeCauda':
..\src\funcoes.c:26:69: warning: incompatible implicit declaration of built-in function 'pow'
   26 |  return calcularSerieRecursividadeDeCauda(numero - 1, controlador + pow(numero, 3) / pow(10, numero - 1));
      |                                                                     ^~~
..\src\funcoes.c:26:69: note: include '<math.h>' or provide a declaration of 'pow'
gcc -O0 -g3 -Wall -c -fmessage-length=0 -o "src\\main.o" "..\\src\\main.c" 
gcc -o programasC.exe "src\\funcoes.o" "src\\main.o" 
Info: Nothing to build for programasC
Info: Nothing to build for programasC
18:51:02 **** Incremental Build of configuration Debug for project programasC ****
Info: Internal Builder is used for build
gcc -O0 -g3 -Wall -c -fmessage-length=0 -o "src\\funcoes.o" "..\\src\\funcoes.c" 
..\src\funcoes.c: In function 'calcularSerieIterativo':
..\src\funcoes.c:9:14: warning: implicit declaration of function 'pow' [-Wimplicit-function-declaration]
    9 |      soma += pow(i, 3) / pow(10, i - 1);
      |              ^~~
..\src\funcoes.c:9:14: warning: incompatible implicit declaration of built-in function 'pow'
..\src\funcoes.c:1:1: note: include '<math.h>' or provide a declaration of 'pow'
  +++ |+#include <math.h>
    1 | //QUESTÃO 3
..\src\funcoes.c: In function 'calcularSerieRecursividade':
..\src\funcoes.c:16:10: warning: incompatible implicit declaration of built-in function 'pow'
   16 |   return pow(numero, 3) / pow(10, numero-1) + calcularSerieRecursividade(numero-1);
      |          ^~~
..\src\funcoes.c:16:10: note: include '<math.h>' or provide a declaration of 'pow'
..\src\funcoes.c: In function 'calcularSerieRecursividadeDeCauda':
..\src\funcoes.c:26:55: warning: incompatible implicit declaration of built-in function 'pow'
   26 |  return calcularSerieRecursividadeDeCauda(numero - 1, pow(numero, 3) / pow(10, numero - 1));
      |                                                       ^~~
..\src\funcoes.c:26:55: note: include '<math.h>' or provide a declaration of 'pow'
gcc -o programasC.exe "src\\funcoes.o" "src\\main.o" 
c:/mingw/bin/../lib/gcc/mingw32/9.2.0/../../../../mingw32/bin/ld.exe: cannot open output file programasC.exe: Permission denied
collect2.exe: error: ld returned 1 exit status
18:51:04 **** Incremental Build of configuration Debug for project programasC ****
Info: Internal Builder is used for build
gcc -o programasC.exe "src\\funcoes.o" "src\\main.o" 
18:51:14 **** Clean-only build of configuration Debug for project programasC ****
rm -rf src/funcoes.o src/main.d src/main.o programasC.exe src/funcoes.d 
Cannot run program "rm": Launching failed

Error: Program "rm" not found in PATH
PATH=[C:\MinGW\bin;\bin;\usr\bin;C:/Users/Bless/.p2/pool/plugins/org.eclipse.justj.openjdk.hotspot.jre.full.win32.x86_64_17.0.10.v20240120-1143/jre/bin/server;C:/Users/Bless/.p2/pool/plugins/org.eclipse.justj.openjdk.hotspot.jre.full.win32.x86_64_17.0.10.v20240120-1143/jre/bin;C:\Program Files\Common Files\Oracle\Java\javapath;C:\WINDOWS\system32;C:\WINDOWS;C:\WINDOWS\System32\Wbem;C:\WINDOWS\System32\WindowsPowerShell\v1.0\;C:\WINDOWS\System32\OpenSSH\;C:\Program Files\dotnet\;C:\Program Files\Git\cmd;C:\Users\Bless\anaconda3;C:\Users\Bless\anaconda3\Library\mingw-w64\bin;C:\Users\Bless\anaconda3\Library\usr\bin;C:\Users\Bless\anaconda3\Library\bin;C:\Users\Bless\anaconda3\Scripts;C:\Users\Bless\AppData\Local\Microsoft\WindowsApps;C:\Users\Bless\AppData\Local\Programs\Microsoft VS Code\bin;C:\Users\Bless\AppData\Local\GitHubDesktop\bin;C:\WINDOWS\System32]

18:51:14 **** Clean-only build of configuration Debug for project programasC ****
18:51:17 **** Rebuild of configuration Debug for project programasC ****
Info: Internal Builder is used for build
gcc -O0 -g3 -Wall -c -fmessage-length=0 -o "src\\main.o" "..\\src\\main.c" 
gcc -O0 -g3 -Wall -c -fmessage-length=0 -o "src\\funcoes.o" "..\\src\\funcoes.c" 
..\src\funcoes.c: In function 'calcularSerieIterativo':
..\src\funcoes.c:9:14: warning: implicit declaration of function 'pow' [-Wimplicit-function-declaration]
    9 |      soma += pow(i, 3) / pow(10, i - 1);
      |              ^~~
..\src\funcoes.c:9:14: warning: incompatible implicit declaration of built-in function 'pow'
..\src\funcoes.c:1:1: note: include '<math.h>' or provide a declaration of 'pow'
  +++ |+#include <math.h>
    1 | //QUESTÃO 3
..\src\funcoes.c: In function 'calcularSerieRecursividade':
..\src\funcoes.c:16:10: warning: incompatible implicit declaration of built-in function 'pow'
   16 |   return pow(numero, 3) / pow(10, numero-1) + calcularSerieRecursividade(numero-1);
      |          ^~~
..\src\funcoes.c:16:10: note: include '<math.h>' or provide a declaration of 'pow'
..\src\funcoes.c: In function 'calcularSerieRecursividadeDeCauda':
..\src\funcoes.c:26:55: warning: incompatible implicit declaration of built-in function 'pow'
   26 |  return calcularSerieRecursividadeDeCauda(numero - 1, pow(numero, 3) / pow(10, numero - 1));
      |                                                       ^~~
..\src\funcoes.c:26:55: note: include '<math.h>' or provide a declaration of 'pow'
gcc -o programasC.exe "src\\funcoes.o" "src\\main.o" 
Info: Nothing to build for programasC
18:51:53 **** Incremental Build of configuration Debug for project programasC ****
Info: Internal Builder is used for build
gcc -O0 -g3 -Wall -c -fmessage-length=0 -o "src\\funcoes.o" "..\\src\\funcoes.c" 
..\src\funcoes.c: In function 'calcularSerieIterativo':
..\src\funcoes.c:9:14: warning: implicit declaration of function 'pow' [-Wimplicit-function-declaration]
    9 |      soma += pow(i, 3) / pow(10, i - 1);
      |              ^~~
..\src\funcoes.c:9:14: warning: incompatible implicit declaration of built-in function 'pow'
..\src\funcoes.c:1:1: note: include '<math.h>' or provide a declaration of 'pow'
  +++ |+#include <math.h>
    1 | //QUESTÃO 3
..\src\funcoes.c: In function 'calcularSerieRecursividade':
..\src\funcoes.c:16:10: warning: incompatible implicit declaration of built-in function 'pow'
   16 |   return pow(numero, 3) / pow(10, numero-1) + calcularSerieRecursividade(numero-1);
      |          ^~~
..\src\funcoes.c:16:10: note: include '<math.h>' or provide a declaration of 'pow'
..\src\funcoes.c: In function 'calcularSerieRecursividadeDeCauda':
..\src\funcoes.c:26:43: warning: incompatible implicit declaration of built-in function 'pow'
   26 |  return calcularSerieRecursividadeDeCauda(pow(numero, 3) / pow(10, numero - 1),controlador-1);
      |                                           ^~~
..\src\funcoes.c:26:43: note: include '<math.h>' or provide a declaration of 'pow'
gcc -o programasC.exe "src\\funcoes.o" "src\\main.o" 
Info: Nothing to build for programasC
20:22:10 **** Incremental Build of configuration Debug for project programasC ****
Info: Internal Builder is used for build
gcc -O0 -g3 -Wall -c -fmessage-length=0 -o "src\\funcoes.o" "..\\src\\funcoes.c" 
gcc -O0 -g3 -Wall -c -fmessage-length=0 -o "src\\main.o" "..\\src\\main.c" 
gcc -o programasC.exe "src\\funcoes.o" "src\\main.o" 
20:22:31 **** Incremental Build of configuration Debug for project programasC ****
Info: Internal Builder is used for build
gcc -O0 -g3 -Wall -c -fmessage-length=0 -o "src\\main.o" "..\\src\\main.c" 
gcc -o programasC.exe "src\\funcoes.o" "src\\main.o" 
20:24:16 **** Incremental Build of configuration Debug for project programasC ****
Info: Internal Builder is used for build
gcc -O0 -g3 -Wall -c -fmessage-length=0 -o "src\\main.o" "..\\src\\main.c" 
gcc -O0 -g3 -Wall -c -fmessage-length=0 -o "src\\funcoes.o" "..\\src\\funcoes.c" 
..\src\funcoes.c: In function 'vetorRecursivoAritmetica':
..\src\funcoes.c:13:45: warning: operation on 'vetor' may be undefined [-Wsequence-point]
   13 |   return *vetor + vetorRecursivoIndice(vetor++, tam-1);
      |                                        ~~~~~^~
gcc -o programasC.exe "src\\funcoes.o" "src\\main.o" 
Info: Nothing to build for programasC
20:25:09 **** Incremental Build of configuration Debug for project programasC ****
Info: Internal Builder is used for build
gcc -O0 -g3 -Wall -c -fmessage-length=0 -o "src\\funcoes.o" "..\\src\\funcoes.c" 
..\src\funcoes.c: In function 'vetorRecursivoAritmetica':
..\src\funcoes.c:13:49: warning: operation on 'vetor' may be undefined [-Wsequence-point]
   13 |   return *vetor + vetorRecursivoAritmetica(vetor++, tam-1);
      |                                            ~~~~~^~
gcc -o programasC.exe "src\\funcoes.o" "src\\main.o" 
Info: Nothing to build for programasC
20:26:37 **** Incremental Build of configuration Debug for project programasC ****
Info: Internal Builder is used for build
gcc -O0 -g3 -Wall -c -fmessage-length=0 -o "src\\main.o" "..\\src\\main.c" 
gcc -O0 -g3 -Wall -c -fmessage-length=0 -o "src\\funcoes.o" "..\\src\\funcoes.c" 
gcc -o programasC.exe "src\\funcoes.o" "src\\main.o" 
Info: Nothing to build for programasC
20:28:21 **** Incremental Build of configuration Debug for project programasC ****
Info: Internal Builder is used for build
gcc -O0 -g3 -Wall -c -fmessage-length=0 -o "src\\funcoes.o" "..\\src\\funcoes.c" 
gcc -O0 -g3 -Wall -c -fmessage-length=0 -o "src\\main.o" "..\\src\\main.c" 
gcc -o programasC.exe "src\\funcoes.o" "src\\main.o" 
20:29:06 **** Incremental Build of configuration Debug for project programasC ****
Info: Internal Builder is used for build
gcc -O0 -g3 -Wall -c -fmessage-length=0 -o "src\\main.o" "..\\src\\main.c" 
gcc -o programasC.exe "src\\funcoes.o" "src\\main.o" 
Info: Nothing to build for programasC
20:32:45 **** Incremental Build of configuration Debug for project programasC ****
Info: Internal Builder is used for build
gcc -O0 -g3 -Wall -c -fmessage-length=0 -o "src\\funcoes.o" "..\\src\\funcoes.c" 
gcc -o programasC.exe "src\\funcoes.o" "src\\main.o" 
20:33:08 **** Incremental Build of configuration Debug for project programasC ****
Info: Internal Builder is used for build
gcc -O0 -g3 -Wall -c -fmessage-length=0 -o "src\\main.o" "..\\src\\main.c" 
gcc -o programasC.exe "src\\funcoes.o" "src\\main.o" 
Info: Nothing to build for programasC
20:33:52 **** Incremental Build of configuration Debug for project programasC ****
Info: Internal Builder is used for build
gcc -O0 -g3 -Wall -c -fmessage-length=0 -o "src\\funcoes.o" "..\\src\\funcoes.c" 
gcc -o programasC.exe "src\\funcoes.o" "src\\main.o" 
Info: Nothing to build for programasC
20:34:25 **** Incremental Build of configuration Debug for project programasC ****
Info: Internal Builder is used for build
gcc -O0 -g3 -Wall -c -fmessage-length=0 -o "src\\funcoes.o" "..\\src\\funcoes.c" 
gcc -o programasC.exe "src\\funcoes.o" "src\\main.o" 
Info: Nothing to build for programasC
20:34:31 **** Incremental Build of configuration Debug for project programasC ****
Info: Internal Builder is used for build
gcc -O0 -g3 -Wall -c -fmessage-length=0 -o "src\\funcoes.o" "..\\src\\funcoes.c" 
gcc -o programasC.exe "src\\funcoes.o" "src\\main.o" 
Info: Nothing to build for programasC
20:34:37 **** Incremental Build of configuration Debug for project programasC ****
Info: Internal Builder is used for build
gcc -O0 -g3 -Wall -c -fmessage-length=0 -o "src\\funcoes.o" "..\\src\\funcoes.c" 
..\src\funcoes.c: In function 'vetorRecursivoDeCauda':
..\src\funcoes.c:21:10: warning: returning 'int *' from a function with return type 'int' makes integer from pointer without a cast [-Wint-conversion]
   21 |   return vetor;
      |          ^~~~~
gcc -o programasC.exe "src\\funcoes.o" "src\\main.o" 
Info: Nothing to build for programasC
Info: Nothing to build for programasC
20:35:04 **** Incremental Build of configuration Debug for project programasC ****
Info: Internal Builder is used for build
gcc -O0 -g3 -Wall -c -fmessage-length=0 -o "src\\main.o" "..\\src\\main.c" 
gcc -o programasC.exe "src\\funcoes.o" "src\\main.o" 
c:/mingw/bin/../lib/gcc/mingw32/9.2.0/../../../../mingw32/bin/ld.exe: cannot open output file programasC.exe: Permission denied
collect2.exe: error: ld returned 1 exit status
20:35:05 **** Incremental Build of configuration Debug for project programasC ****
Info: Internal Builder is used for build
gcc -o programasC.exe "src\\funcoes.o" "src\\main.o" 
20:35:50 **** Incremental Build of configuration Debug for project programasC ****
Info: Internal Builder is used for build
gcc -O0 -g3 -Wall -c -fmessage-length=0 -o "src\\funcoes.o" "..\\src\\funcoes.c" 
gcc -o programasC.exe "src\\funcoes.o" "src\\main.o" 
c:/mingw/bin/../lib/gcc/mingw32/9.2.0/../../../../mingw32/bin/ld.exe: cannot open output file programasC.exe: Permission denied
collect2.exe: error: ld returned 1 exit status
20:35:54 **** Incremental Build of configuration Debug for project programasC ****
Info: Internal Builder is used for build
gcc -o programasC.exe "src\\funcoes.o" "src\\main.o" 
20:36:25 **** Incremental Build of configuration Debug for project programasC ****
Info: Internal Builder is used for build
gcc -O0 -g3 -Wall -c -fmessage-length=0 -o "src\\funcoes.o" "..\\src\\funcoes.c" 
..\src\funcoes.c: In function 'vetorRecursivoDeCauda':
..\src\funcoes.c:23:36: warning: passing argument 1 of 'vetorRecursivoDeCauda' makes pointer from integer without a cast [-Wint-conversion]
   23 |  return vetorRecursivoDeCauda(vetor[tam-1],tam-1);
      |                               ~~~~~^~~~~~~
      |                                    |
      |                                    int
..\src\funcoes.c:19:33: note: expected 'int *' but argument is of type 'int'
   19 | int vetorRecursivoDeCauda (int *vetor, int tam){
      |                            ~~~~~^~~~~
gcc -o programasC.exe "src\\funcoes.o" "src\\main.o" 
Info: Nothing to build for programasC
20:36:35 **** Incremental Build of configuration Debug for project programasC ****
Info: Internal Builder is used for build
gcc -O0 -g3 -Wall -c -fmessage-length=0 -o "src\\funcoes.o" "..\\src\\funcoes.c" 
..\src\funcoes.c: In function 'vetorRecursivoDeCauda':
..\src\funcoes.c:23:36: warning: passing argument 1 of 'vetorRecursivoDeCauda' makes pointer from integer without a cast [-Wint-conversion]
   23 |  return vetorRecursivoDeCauda(vetor[tam-1],tam-1);
      |                               ~~~~~^~~~~~~
      |                                    |
      |                                    int
..\src\funcoes.c:19:33: note: expected 'int *' but argument is of type 'int'
   19 | int vetorRecursivoDeCauda (int *vetor, int tam){
      |                            ~~~~~^~~~~
gcc -o programasC.exe "src\\funcoes.o" "src\\main.o" 
Info: Nothing to build for programasC
20:36:49 **** Incremental Build of configuration Debug for project programasC ****
Info: Internal Builder is used for build
gcc -O0 -g3 -Wall -c -fmessage-length=0 -o "src\\funcoes.o" "..\\src\\funcoes.c" 
..\src\funcoes.c: In function 'vetorRecursivoDeCauda':
..\src\funcoes.c:23:36: warning: passing argument 1 of 'vetorRecursivoDeCauda' makes pointer from integer without a cast [-Wint-conversion]
   23 |  return vetorRecursivoDeCauda(vetor[tam-1],tam-1);
      |                               ~~~~~^~~~~~~
      |                                    |
      |                                    int
..\src\funcoes.c:19:33: note: expected 'int *' but argument is of type 'int'
   19 | int vetorRecursivoDeCauda (int *vetor, int tam){
      |                            ~~~~~^~~~~
gcc -o programasC.exe "src\\funcoes.o" "src\\main.o" 
Info: Nothing to build for programasC
20:37:25 **** Incremental Build of configuration Debug for project programasC ****
Info: Internal Builder is used for build
gcc -O0 -g3 -Wall -c -fmessage-length=0 -o "src\\funcoes.o" "..\\src\\funcoes.c" 
..\src\funcoes.c: In function 'vetorRecursivoDeCauda':
..\src\funcoes.c:23:36: warning: passing argument 1 of 'vetorRecursivoDeCauda' makes pointer from integer without a cast [-Wint-conversion]
   23 |  return vetorRecursivoDeCauda(vetor[tam],tam-1);
      |                               ~~~~~^~~~~
      |                                    |
      |                                    int
..\src\funcoes.c:19:33: note: expected 'int *' but argument is of type 'int'
   19 | int vetorRecursivoDeCauda (int *vetor, int tam){
      |                            ~~~~~^~~~~
gcc -o programasC.exe "src\\funcoes.o" "src\\main.o" 
Info: Nothing to build for programasC
20:38:02 **** Incremental Build of configuration Debug for project programasC ****
Info: Internal Builder is used for build
gcc -O0 -g3 -Wall -c -fmessage-length=0 -o "src\\funcoes.o" "..\\src\\funcoes.c" 
..\src\funcoes.c: In function 'vetorRecursivoDeCauda':
..\src\funcoes.c:23:36: error: invalid operands to binary * (have 'int *' and 'int')
   23 |  return vetorRecursivoDeCauda(vetor*vetor[tam-1],tam-1);
      |                                    ^~~~~~~~~~~~~
      |                                          |
      |                                          int
..\src\funcoes.c:25:1: warning: control reaches end of non-void function [-Wreturn-type]
   25 | }
      | ^
20:38:03 **** Incremental Build of configuration Debug for project programasC ****
Info: Internal Builder is used for build
gcc -O0 -g3 -Wall -c -fmessage-length=0 -o "src\\funcoes.o" "..\\src\\funcoes.c" 
..\src\funcoes.c: In function 'vetorRecursivoDeCauda':
..\src\funcoes.c:23:36: error: invalid operands to binary * (have 'int *' and 'int')
   23 |  return vetorRecursivoDeCauda(vetor*vetor[tam-1],tam-1);
      |                                    ^~~~~~~~~~~~~
      |                                          |
      |                                          int
..\src\funcoes.c:25:1: warning: control reaches end of non-void function [-Wreturn-type]
   25 | }
      | ^
20:38:10 **** Incremental Build of configuration Debug for project programasC ****
Info: Internal Builder is used for build
gcc -O0 -g3 -Wall -c -fmessage-length=0 -o "src\\funcoes.o" "..\\src\\funcoes.c" 
..\src\funcoes.c: In function 'vetorRecursivoDeCauda':
..\src\funcoes.c:21:10: warning: returning 'int *' from a function with return type 'int' makes integer from pointer without a cast [-Wint-conversion]
   21 |   return vetor;
      |          ^~~~~
..\src\funcoes.c:23:36: error: invalid operands to binary * (have 'int *' and 'int')
   23 |  return vetorRecursivoDeCauda(vetor*vetor[tam-1],tam-1);
      |                                    ^~~~~~~~~~~~~
      |                                          |
      |                                          int
..\src\funcoes.c:25:1: warning: control reaches end of non-void function [-Wreturn-type]
   25 | }
      | ^
20:38:11 **** Incremental Build of configuration Debug for project programasC ****
Info: Internal Builder is used for build
gcc -O0 -g3 -Wall -c -fmessage-length=0 -o "src\\funcoes.o" "..\\src\\funcoes.c" 
..\src\funcoes.c: In function 'vetorRecursivoDeCauda':
..\src\funcoes.c:21:10: warning: returning 'int *' from a function with return type 'int' makes integer from pointer without a cast [-Wint-conversion]
   21 |   return vetor;
      |          ^~~~~
..\src\funcoes.c:23:36: error: invalid operands to binary * (have 'int *' and 'int')
   23 |  return vetorRecursivoDeCauda(vetor*vetor[tam-1],tam-1);
      |                                    ^~~~~~~~~~~~~
      |                                          |
      |                                          int
..\src\funcoes.c:25:1: warning: control reaches end of non-void function [-Wreturn-type]
   25 | }
      | ^
20:38:48 **** Incremental Build of configuration Debug for project programasC ****
Info: Internal Builder is used for build
gcc -O0 -g3 -Wall -c -fmessage-length=0 -o "src\\funcoes.o" "..\\src\\funcoes.c" 
..\src\funcoes.c: In function 'vetorRecursivoDeCauda':
..\src\funcoes.c:21:10: warning: returning 'int *' from a function with return type 'int' makes integer from pointer without a cast [-Wint-conversion]
   21 |   return vetor;
      |          ^~~~~
..\src\funcoes.c:23:36: error: invalid operands to binary * (have 'int *' and 'int')
   23 |  return vetorRecursivoDeCauda(vetor*vetor[tam-1],tam-1);
      |                                    ^~~~~~~~~~~~~
      |                                          |
      |                                          int
..\src\funcoes.c:23:9: error: too few arguments to function 'vetorRecursivoDeCauda'
   23 |  return vetorRecursivoDeCauda(vetor*vetor[tam-1],tam-1);
      |         ^~~~~~~~~~~~~~~~~~~~~
..\src\funcoes.c:19:5: note: declared here
   19 | int vetorRecursivoDeCauda (int *vetor, int tam, int parcial){
      |     ^~~~~~~~~~~~~~~~~~~~~
..\src\funcoes.c:25:1: warning: control reaches end of non-void function [-Wreturn-type]
   25 | }
      | ^
20:38:49 **** Incremental Build of configuration Debug for project programasC ****
Info: Internal Builder is used for build
gcc -O0 -g3 -Wall -c -fmessage-length=0 -o "src\\main.o" "..\\src\\main.c" 
..\src\main.c: In function 'main':
..\src\main.c:10:41: error: too few arguments to function 'vetorRecursivoDeCauda'
   10 |  printf("\nSoma dos elementos é %d\n", vetorRecursivoDeCauda(vetor, 4));
      |                                         ^~~~~~~~~~~~~~~~~~~~~
In file included from ..\src\main.c:2:
..\src\biblioteca.h:18:5: note: declared here
   18 | int vetorRecursivoDeCauda (int *vetor, int tam, int parcial);
      |     ^~~~~~~~~~~~~~~~~~~~~
20:39:18 **** Incremental Build of configuration Debug for project programasC ****
Info: Internal Builder is used for build
gcc -O0 -g3 -Wall -c -fmessage-length=0 -o "src\\main.o" "..\\src\\main.c" 
..\src\main.c: In function 'main':
..\src\main.c:10:41: error: too few arguments to function 'vetorRecursivoDeCauda'
   10 |  printf("\nSoma dos elementos é %d\n", vetorRecursivoDeCauda(vetor, 4));
      |                                         ^~~~~~~~~~~~~~~~~~~~~
In file included from ..\src\main.c:2:
..\src\biblioteca.h:18:5: note: declared here
   18 | int vetorRecursivoDeCauda (int *vetor, int tam, int parcial);
      |     ^~~~~~~~~~~~~~~~~~~~~
20:39:19 **** Incremental Build of configuration Debug for project programasC ****
Info: Internal Builder is used for build
gcc -O0 -g3 -Wall -c -fmessage-length=0 -o "src\\funcoes.o" "..\\src\\funcoes.c" 
gcc -O0 -g3 -Wall -c -fmessage-length=0 -o "src\\main.o" "..\\src\\main.c" 
..\src\main.c: In function 'main':
..\src\main.c:10:41: error: too few arguments to function 'vetorRecursivoDeCauda'
   10 |  printf("\nSoma dos elementos é %d\n", vetorRecursivoDeCauda(vetor, 4));
      |                                         ^~~~~~~~~~~~~~~~~~~~~
In file included from ..\src\main.c:2:
..\src\biblioteca.h:18:5: note: declared here
   18 | int vetorRecursivoDeCauda (int *vetor, int tam, int parcial);
      |     ^~~~~~~~~~~~~~~~~~~~~
20:39:29 **** Incremental Build of configuration Debug for project programasC ****
Info: Internal Builder is used for build
gcc -O0 -g3 -Wall -c -fmessage-length=0 -o "src\\main.o" "..\\src\\main.c" 
gcc -o programasC.exe "src\\funcoes.o" "src\\main.o" 
Info: Nothing to build for programasC
20:39:48 **** Incremental Build of configuration Debug for project programasC ****
Info: Internal Builder is used for build
gcc -O0 -g3 -Wall -c -fmessage-length=0 -o "src\\funcoes.o" "..\\src\\funcoes.c" 
..\src\funcoes.c: In function 'vetorRecursivoDeCauda':
..\src\funcoes.c:23:50: warning: passing argument 3 of 'vetorRecursivoDeCauda' makes integer from pointer without a cast [-Wint-conversion]
   23 |  return vetorRecursivoDeCauda(vetor,tam-1,parcial+vetor);
      |                                           ~~~~~~~^~~~~~
      |                                                  |
      |                                                  int *
..\src\funcoes.c:19:53: note: expected 'int' but argument is of type 'int *'
   19 | int vetorRecursivoDeCauda (int *vetor, int tam, int parcial){
      |                                                 ~~~~^~~~~~~
gcc -o programasC.exe "src\\funcoes.o" "src\\main.o" 
Info: Nothing to build for programasC
20:40:23 **** Incremental Build of configuration Debug for project programasC ****
Info: Internal Builder is used for build
gcc -O0 -g3 -Wall -c -fmessage-length=0 -o "src\\funcoes.o" "..\\src\\funcoes.c" 
gcc -o programasC.exe "src\\funcoes.o" "src\\main.o" 
Info: Nothing to build for programasC
20:41:56 **** Incremental Build of configuration Debug for project programasC ****
Info: Internal Builder is used for build
gcc -O0 -g3 -Wall -c -fmessage-length=0 -o "src\\funcoes.o" "..\\src\\funcoes.c" 
gcc -o programasC.exe "src\\funcoes.o" "src\\main.o" 
Info: Nothing to build for programasC
20:42:04 **** Incremental Build of configuration Debug for project programasC ****
Info: Internal Builder is used for build
gcc -O0 -g3 -Wall -c -fmessage-length=0 -o "src\\main.o" "..\\src\\main.c" 
gcc -o programasC.exe "src\\funcoes.o" "src\\main.o" 
Info: Nothing to build for programasC
20:42:12 **** Incremental Build of configuration Debug for project programasC ****
Info: Internal Builder is used for build
gcc -O0 -g3 -Wall -c -fmessage-length=0 -o "src\\main.o" "..\\src\\main.c" 
gcc -o programasC.exe "src\\funcoes.o" "src\\main.o" 
