22:27:37 **** Incremental Build of configuration Debug for project programasC ****
Info: Internal Builder is used for build
gcc -O0 -g3 -Wall -c -fmessage-length=0 -o "src\\funcoes.o" "..\\src\\funcoes.c" 
..\src\funcoes.c: In function 'inserirFimUltimo':
..\src\funcoes.c:120:13: warning: passing argument 1 of 'strcpy' from incompatible pointer type [-Wincompatible-pointer-types]
  120 |  strcpy(novo->codigoSequencial, "E1999011");
      |         ~~~~^~~~~~~~~~~~~~~~~~
      |             |
      |             char **
In file included from ..\src\biblioteca.h:9,
                 from ..\src\funcoes.c:3:
c:\mingw\include\string.h:79:40: note: expected 'char *' but argument is of type 'char **'
   79 | _CRTIMP __cdecl __MINGW_NOTHROW  char *strcpy (char *, const char *);
      |                                        ^~~~~~
..\src\funcoes.c: In function 'impressao':
..\src\funcoes.c:135:10: warning: format '%s' expects argument of type 'char *', but argument 3 has type 'char **' [-Wformat=]
  135 |   printf("Placa %s\n"
      |          ^~~~~~~~~~~~
......
  141 |     lista->placa,lista->codigoSequencial,
      |                  ~~~~~~~~~~~~~~~~~~~~~~~
      |                       |
      |                       char **
..\src\funcoes.c:136:26: note: format string is defined here
  136 |     "Codigo Sequencial -%s\n"
      |                         ~^
      |                          |
      |                          char *
..\src\funcoes.c: In function 'verificarTipoContrato':
..\src\funcoes.c:230:11: warning: variable 'clientes' set but not used [-Wunused-but-set-variable]
  230 |  Clientes clientes;
      |           ^~~~~~~~
gcc -o programasC.exe "src\\funcoes.o" "src\\programaPrincipalAII.o" 

22:27:38 Build Finished. 0 errors, 3 warnings. (took 524ms)

